\BOOKMARK [1][-]{section.1}{\376\377\000T\036\325\000n\000g\000\040\000q\000u\000a\000n\000\040\000h\036\307\000\040\000t\000h\036\321\000n\000g}{}% 1
\BOOKMARK [1][-]{section.2}{\376\377\000C\036\255\000p\000\040\000n\000h\036\255\000t\000\040\000W\000e\000b\000\040\000S\000e\000r\000v\000e\000r\000\040\040\023\000\040\000T\000r\000u\000y\036\301\000n\000\040\036\243\000n\000h\000\040\000q\000u\000a\000\040\000W\000e\000b\000S\000o\000c\000k\000e\000t}{}% 2
\BOOKMARK [2][-]{subsection.2.1}{\376\377\000G\000i\000a\000o\000\040\000t\000h\036\351\000c\000\040\000t\000r\000u\000y\036\301\000n\000\040\036\243\000n\000h}{section.2}% 3
\BOOKMARK [2][-]{subsection.2.2}{\376\377\000L\000\375\000\040\000d\000o\000\040\000c\000h\000i\000a\000\040\000c\000h\000u\000n\000k\000\040\000v\000\340\000\040\000x\036\355\000\040\000l\000\375\000\040\000p\000h\000\355\000a\000\040\000t\000r\000\354\000n\000h\000\040\000d\000u\000y\036\307\000t}{section.2}% 4
\BOOKMARK [1][-]{section.3}{\376\377\000M\000o\000d\000u\000l\000e\000\040\000g\000h\000\351\000p\000\040\036\243\000n\000h\000\040\000v\000\340\000\040\000c\000h\000u\000y\036\303\000n\000\040\001\021\036\325\000i\000\040\000P\000i\000x\000e\000l\000\040\000\050\000i\000m\000a\000g\000e\000\137\000c\000o\000n\000c\000a\000t\000\051}{}% 5
\BOOKMARK [2][-]{subsection.3.1}{\376\377\000S\001\241\000\040\001\021\036\323\000\040\000p\000i\000p\000e\000l\000i\000n\000e\000\040\000x\036\355\000\040\000l\000\375\000\040\036\243\000n\000h}{section.3}% 6
\BOOKMARK [2][-]{subsection.3.2}{\376\377\000B\001\260\036\333\000c\000\040\0001\000\040\040\023\000\040\000G\000h\000\351\000p\000\040\000c\000h\000u\000n\000k\000\040\000v\000\340\000\040\000g\000i\036\243\000i\000\040\000m\000\343\000\040\000B\000a\000s\000e\0006\0004}{section.3}% 7
\BOOKMARK [2][-]{subsection.3.3}{\376\377\000B\001\260\036\333\000c\000\040\0002\000\040\040\023\000\040\000G\000i\036\243\000i\000\040\000m\000\343\000\040\000J\000P\000E\000G\000\040\000t\000h\000\340\000n\000h\000\040\000p\000i\000x\000e\000l\000\040\000R\000G\000B\0008\0008\0008}{section.3}% 8
\BOOKMARK [2][-]{subsection.3.4}{\376\377\000B\001\260\036\333\000c\000\040\0003\000+\0004\000\040\040\023\000\040\000R\000e\000s\000i\000z\000e\000\040\000v\000\340\000\040\000Q\000u\000a\000n\000t\000i\000z\000e\000\040\000I\000N\000T\0008}{section.3}% 9
\BOOKMARK [2][-]{subsection.3.5}{\376\377\000Q\000u\036\243\000n\000\040\000l\000\375\000\040\000b\000u\000f\000f\000e\000r\000\040\001\021\000\364\000i\000\040\000v\000\340\000\040\000c\036\335\000\040\000t\000r\036\241\000n\000g\000\040\000t\000h\000\341\000i}{section.3}% 10
\BOOKMARK [1][-]{section.4}{\376\377\000S\000u\000y\000\040\000d\000i\036\305\000n\000\040\000v\036\333\000i\000\040\000T\000e\000n\000s\000o\000r\000F\000l\000o\000w\000\040\000L\000i\000t\000e\000\040\000M\000i\000c\000r\000o\000\040\040\023\000\040\000T\000h\001\260\000\040\000v\000i\036\307\000n\000\040\000T\000e\000n\000s\000o\000r\000F\000l\000o\000w\000L\000i\000t\000e\000\137\000E\000S\000P\0003\0002}{}% 11
\BOOKMARK [2][-]{subsection.4.1}{\376\377\000G\000i\036\333\000i\000\040\000t\000h\000i\036\307\000u\000\040\000t\000h\001\260\000\040\000v\000i\036\307\000n}{section.4}% 12
\BOOKMARK [2][-]{subsection.4.2}{\376\377\000C\000h\000u\000y\036\303\000n\000\040\000s\000a\000n\000g\000\040\000L\000i\000t\000e\000R\000T\000\040\000\050\000p\000h\000i\000\352\000n\000\040\000b\036\243\000n\000\040\000m\036\333\000i\000\051}{section.4}% 13
\BOOKMARK [2][-]{subsection.4.3}{\376\377\000C\036\245\000u\000\040\000h\000\354\000n\000h\000\040\000p\000l\000a\000t\000f\000o\000r\000m\000i\000o\000.\000i\000n\000i}{section.4}% 14
\BOOKMARK [2][-]{subsection.4.4}{\376\377\000L\000u\036\323\000n\000g\000\040\000k\000h\036\337\000i\000\040\000t\036\241\000o\000\040\000v\000\340\000\040\000s\000u\000y\000\040\000d\000i\036\305\000n}{section.4}% 15
\BOOKMARK [2][-]{subsection.4.5}{\376\377\000V\036\245\000n\000\040\001\021\036\301\000\040\000t\000e\000n\000s\000o\000r\000\040\000a\000r\000e\000n\000a\000\040\000v\000\340\000\040\000P\000S\000R\000A\000M}{section.4}% 16
\BOOKMARK [2][-]{subsection.4.6}{\376\377\000G\000i\036\243\000i\000\040\000q\000u\000a\000n\000t\000i\000z\000e\000\040\000k\036\277\000t\000\040\000q\000u\036\243\000\040\001\021\036\247\000u\000\040\000r\000a}{section.4}% 17
\BOOKMARK [1][-]{section.5}{\376\377\000S\000u\000y\000\040\000d\000i\036\305\000n\000\040\000v\036\333\000i\000\040\000E\000d\000g\000e\000\040\000I\000m\000p\000u\000l\000s\000e\000\040\040\023\000\040\000T\000h\001\260\000\040\000v\000i\036\307\000n\000\040\000A\000I\000o\000T\000\137\000E\000d\000g\000e\000\137\000I\000m\000p\000u\000l\000s\000e}{}% 18
\BOOKMARK [2][-]{subsection.5.1}{\376\377\000G\000i\036\333\000i\000\040\000t\000h\000i\036\307\000u\000\040\000t\000h\001\260\000\040\000v\000i\036\307\000n}{section.5}% 19
\BOOKMARK [2][-]{subsection.5.2}{\376\377\000C\000\341\000c\000\040\000t\000h\000a\000y\000\040\001\021\036\325\000i\000\040\001\021\036\303\000\040\000t\001\260\001\241\000n\000g\000\040\000t\000h\000\355\000c\000h\000\040\000v\036\333\000i\000\040\000d\036\361\000\040\000\341\000n}{section.5}% 20
\BOOKMARK [2][-]{subsection.5.3}{\376\377\000L\000u\036\323\000n\000g\000\040\000s\000u\000y\000\040\000d\000i\036\305\000n\000\040\000E\000d\000g\000e\000\040\000I\000m\000p\000u\000l\000s\000e}{section.5}% 21
\BOOKMARK [2][-]{subsection.5.4}{\376\377\000K\036\277\000t\000\040\000q\000u\036\243\000\040\001\021\036\247\000u\000\040\000r\000a}{section.5}% 22
\BOOKMARK [1][-]{section.6}{\376\377\000T\036\325\000n\000g\000\040\000k\036\277\000t}{}% 23
\BOOKMARK [1][-]{section.7}{\376\377\001\020\000\341\000n\000h\000\040\000g\000i\000\341\000\040\000h\000i\036\307\000u\000\040\000n\001\003\000n\000g\000\040\000t\000h\036\361\000c\000\040\000t\036\277\000\040\000t\000r\000\352\000n\000\040\000E\000S\000P\0003\0002}{}% 24
\BOOKMARK [2][-]{subsection.7.1}{\376\377\000T\000h\000i\036\277\000t\000\040\000l\036\255\000p\000\040\000k\000i\036\303\000m\000\040\000t\000h\036\355}{section.7}% 25
\BOOKMARK [2][-]{subsection.7.2}{\376\377\000K\036\277\000t\000\040\000q\000u\036\243\000\040\000t\000h\000\364}{section.7}% 26
\BOOKMARK [2][-]{subsection.7.3}{\376\377\000M\000a\000\040\000t\000r\036\255\000n\000\040\000n\000h\036\247\000m\000\040\000l\036\253\000n\000\040\000\050\000C\000o\000n\000f\000u\000s\000i\000o\000n\000\040\000M\000a\000t\000r\000i\000x\000\051}{section.7}% 27
\BOOKMARK [2][-]{subsection.7.4}{\376\377\000C\000h\036\311\000\040\000s\036\321\000\040\001\021\000\341\000n\000h\000\040\000g\000i\000\341\000\040\000t\000h\000e\000o\000\040\000l\036\333\000p}{section.7}% 28
\BOOKMARK [2][-]{subsection.7.5}{\376\377\000P\000h\000\342\000n\000\040\000t\000\355\000c\000h\000\040\000k\036\277\000t\000\040\000q\000u\036\243}{section.7}% 29
